2021/11/06 13:55:42 [emerg] 1#1: host not found in upstream "app" in /etc/nginx/conf.d/virta.conf:14
2021/11/06 13:55:44 [notice] 1#1: using the "epoll" event method
2021/11/06 13:55:44 [notice] 1#1: nginx/1.21.3
2021/11/06 13:55:44 [notice] 1#1: built by gcc 10.3.1 20210424 (Alpine 10.3.1_git20210424) 
2021/11/06 13:55:44 [notice] 1#1: OS: Linux 5.10.47-linuxkit
2021/11/06 13:55:44 [notice] 1#1: getrlimit(RLIMIT_NOFILE): 1048576:1048576
2021/11/06 13:55:44 [notice] 1#1: start worker processes
2021/11/06 13:55:44 [notice] 1#1: start worker process 21
2021/11/06 13:55:44 [notice] 1#1: start worker process 22
2021/11/06 14:20:39 [notice] 1#1: signal 3 (SIGQUIT) received, shutting down
2021/11/06 14:20:39 [notice] 22#22: gracefully shutting down
2021/11/06 14:20:39 [notice] 21#21: gracefully shutting down
2021/11/06 14:20:39 [notice] 22#22: exiting
2021/11/06 14:20:39 [notice] 21#21: exiting
2021/11/06 14:20:39 [notice] 22#22: exit
2021/11/06 14:20:39 [notice] 21#21: exit
2021/11/06 14:20:39 [notice] 1#1: signal 17 (SIGCHLD) received from 21
2021/11/06 14:20:39 [notice] 1#1: worker process 21 exited with code 0
2021/11/06 14:20:39 [notice] 1#1: signal 29 (SIGIO) received
2021/11/06 14:20:39 [notice] 1#1: signal 17 (SIGCHLD) received from 22
2021/11/06 14:20:39 [notice] 1#1: worker process 22 exited with code 0
2021/11/06 14:20:39 [notice] 1#1: exit
2021/11/06 14:21:48 [emerg] 1#1: host not found in upstream "app" in /etc/nginx/conf.d/virta.conf:14
2021/11/06 14:21:49 [notice] 1#1: using the "epoll" event method
2021/11/06 14:21:49 [notice] 1#1: nginx/1.21.3
2021/11/06 14:21:49 [notice] 1#1: built by gcc 10.3.1 20210424 (Alpine 10.3.1_git20210424) 
2021/11/06 14:21:49 [notice] 1#1: OS: Linux 5.10.47-linuxkit
2021/11/06 14:21:49 [notice] 1#1: getrlimit(RLIMIT_NOFILE): 1048576:1048576
2021/11/06 14:21:49 [notice] 1#1: start worker processes
2021/11/06 14:21:49 [notice] 1#1: start worker process 22
2021/11/06 14:21:49 [notice] 1#1: start worker process 23
2021/11/06 15:22:34 [notice] 1#1: signal 3 (SIGQUIT) received, shutting down
2021/11/06 15:22:34 [notice] 22#22: gracefully shutting down
2021/11/06 15:22:34 [notice] 22#22: exiting
2021/11/06 15:22:34 [notice] 23#23: gracefully shutting down
2021/11/06 15:22:34 [notice] 23#23: exiting
2021/11/06 15:22:34 [notice] 22#22: exit
2021/11/06 15:22:34 [notice] 23#23: exit
2021/11/06 15:22:34 [notice] 1#1: signal 17 (SIGCHLD) received from 22
2021/11/06 15:22:34 [notice] 1#1: worker process 22 exited with code 0
2021/11/06 15:22:34 [notice] 1#1: signal 29 (SIGIO) received
2021/11/06 15:22:34 [notice] 1#1: signal 17 (SIGCHLD) received from 23
2021/11/06 15:22:34 [notice] 1#1: worker process 23 exited with code 0
2021/11/06 15:22:34 [notice] 1#1: exit
2021/11/06 16:15:43 [emerg] 1#1: host not found in upstream "app" in /etc/nginx/conf.d/virta.conf:14
2021/11/06 16:15:45 [notice] 1#1: using the "epoll" event method
2021/11/06 16:15:45 [notice] 1#1: nginx/1.21.3
2021/11/06 16:15:45 [notice] 1#1: built by gcc 10.3.1 20210424 (Alpine 10.3.1_git20210424) 
2021/11/06 16:15:45 [notice] 1#1: OS: Linux 5.10.47-linuxkit
2021/11/06 16:15:45 [notice] 1#1: getrlimit(RLIMIT_NOFILE): 1048576:1048576
2021/11/06 16:15:45 [notice] 1#1: start worker processes
2021/11/06 16:15:45 [notice] 1#1: start worker process 22
2021/11/06 16:15:45 [notice] 1#1: start worker process 23
